2017-04-07 22:51:44.786 [info] <0.7.0> Application lager started on node 'cb_tut@nsrchemie-GP60-2QF'
2017-04-07 22:51:44.801 [info] <0.7.0> Application crypto started on node 'cb_tut@nsrchemie-GP60-2QF'
2017-04-07 22:51:44.826 [info] <0.7.0> Application mimetypes started on node 'cb_tut@nsrchemie-GP60-2QF'
2017-04-07 22:51:44.890 [info] <0.95.0>@boss_web_controller_init:init_services:132 Starting Boss in development mode...
2017-04-07 22:51:44.910 [info] <0.95.0>@boss_db:start:77 Start Database Adapter boss_db_adapter_mock options [{adapter,mock},{cache_enable,false},{cache_prefix,db},{shards,[]},{is_master_node,true},{db_host,"localhost"},{db_port,1978}]
2017-04-07 22:51:44.988 [info] <0.7.0> Application tinymq started on node 'cb_tut@nsrchemie-GP60-2QF'
2017-04-07 22:51:44.999 [notice] <0.63.0>@lager_app:132 Deprecated lager_file_backend config detected, please consider updating it
2017-04-07 22:51:45.072 [info] <0.7.0> Application ranch started on node 'cb_tut@nsrchemie-GP60-2QF'
2017-04-07 22:51:45.080 [info] <0.7.0> Application cowlib started on node 'cb_tut@nsrchemie-GP60-2QF'
2017-04-07 22:51:45.100 [info] <0.7.0> Application cowboy started on node 'cb_tut@nsrchemie-GP60-2QF'
2017-04-07 22:51:45.242 [notice] <0.95.0>@boss_compiler:compile:47 Compile file "/home/nsrchemie/Documents/cb_tut/src/mail/cb_tut_outgoing_mail_controller.erl" with options [{out_dir,undefined},{include_dirs,["/home/nsrchemie/Documents/cb_tut/include"]},{compiler_options,[{parse_transform,lager_transform},return_errors]}] 
2017-04-07 22:51:45.336 [notice] <0.95.0>@boss_compiler:compile:47 Compile file "/home/nsrchemie/Documents/cb_tut/src/mail/cb_tut_incoming_mail_controller.erl" with options [{out_dir,undefined},{include_dirs,["/home/nsrchemie/Documents/cb_tut/include"]},{compiler_options,[{parse_transform,lager_transform},return_errors]}] 
2017-04-07 22:51:45.356 [info] <0.95.0>@boss_controller_compiler:compile:71 Compile controller /home/nsrchemie/Documents/cb_tut/src/controller/cb_tut_greeting_controller.erl
2017-04-07 22:51:45.356 [notice] <0.95.0>@boss_compiler:compile:47 Compile file "/home/nsrchemie/Documents/cb_tut/src/controller/cb_tut_greeting_controller.erl" with options [debug_info,{pre_revert_transform,#Fun<boss_controller_compiler.add_routes_to_forms.1>},{out_dir,undefined},{include_dirs,["/home/nsrchemie/Documents/cb_tut/include"]},{compiler_options,[{parse_transform,lager_transform},return_errors]}] 
2017-04-07 22:51:45.378 [notice] <0.95.0>@boss_compiler:compile:47 Compile file "/home/nsrchemie/Documents/cb_tut/src/model/greeting.erl" with options [debug_info,{pre_revert_transform,#Fun<boss_record_compiler.trick_out_forms.2>},{token_transform,#Fun<boss_record_compiler.process_tokens.1>},{out_dir,undefined},{include_dirs,["/home/nsrchemie/Documents/cb_tut/include"]},{compiler_options,[{parse_transform,lager_transform},return_errors]}] 
2017-04-07 22:51:45.379 [info] <0.95.0>@boss_record_compiler:process_tokens:120 Tokens [{'-',{1,1}},{atom,{1,2},module},{'(',{1,8}},{atom,{1,9},greeting},{',',{1,17}},{'[',{1,19}},{var,{1,20},'Id'},{',',{1,22}},{var,{1,24},'GreetingText'},{']',{1,36}},{')',{1,37}},{dot,{1,38}},{'-',{2,1}},{atom,{2,2},compile},{'(',{2,9}},{atom,{2,10},export_all},{')',{2,20}},{dot,{2,21}},{atom,{4,1},validation_tests},{'(',{4,17}},{')',{4,18}},{'->',{4,20}},{'[',{5,2}},{'{',{5,3}},{fun,{5,4}},{'(',{5,7}},{')',{5,8}},{'->',{5,10}},{atom,{5,13},length},{'(',{5,19}},{var,{5,20},'GreetingText'},{')',{5,32}},{'>',{5,34}},{integer,{5,36},0},{end,{5,38}},{',',{5,41}},{string,{6,2},"Greeting must be nonempty"},{'}',{6,29}},{',',{6,30}},{'{',{7,3}},{fun,{7,4}},{'(',{7,7}},{')',{7,8}},{'->',{7,10}},{atom,{7,13},length},{'(',{7,19}},{var,{7,20},'GreetingText'},{')',{7,32}},{'=<',{7,34}},{integer,{7,37},140},{end,{7,41}},{',',{7,44}},{string,{8,2},"Too long!"},{'}',{8,13}},{']',{8,14}},{dot,{8,15}},{eof,{9,1}}]
2017-04-07 22:51:45.379 [notice] <0.95.0>@boss_record_compiler:make_generated_forms:225 Module "greeting" Parameters ['Id','GreetingText'] Attributes[{compile,export_all}]
2017-04-07 22:51:45.403 [notice] <0.95.0>@boss_compiler:compile:47 Compile file "/home/nsrchemie/Documents/cb_tut/src/view/lib/tag_modules/cb_tut_custom_tags.erl" with options [{out_dir,undefined},{include_dirs,["/home/nsrchemie/Documents/cb_tut/include"]},{compiler_options,[{parse_transform,lager_transform},return_errors]}] 
2017-04-07 22:51:45.426 [notice] <0.95.0>@boss_compiler:compile:47 Compile file "/home/nsrchemie/Documents/cb_tut/src/view/lib/filter_modules/cb_tut_custom_filters.erl" with options [{out_dir,undefined},{include_dirs,["/home/nsrchemie/Documents/cb_tut/include"]},{compiler_options,[{parse_transform,lager_transform},return_errors]}] 
2017-04-07 22:51:45.636 [notice] <0.95.0>@boss_compiler:compile:47 Compile file "/home/nsrchemie/Documents/cb_tut/priv/init/cb_tut_01_news.erl" with options [{include_dirs,["/home/nsrchemie/Documents/cb_tut/include"]}] 
2017-04-07 22:52:38.729 [info] <0.281.0>@boss_web_controller_handle_request:log_status_code:188 GET /greeting/list [cb_tut] 200 61ms
2017-04-07 22:52:41.665 [info] <0.281.0>@boss_web_controller_handle_request:log_status_code:188 GET /greeting/create [cb_tut] 200 4ms
2017-04-07 22:52:45.502 [info] <0.281.0>@boss_web_controller_handle_request:log_status_code:188 POST /greeting/create [cb_tut] 302 34ms
2017-04-07 22:52:45.509 [info] <0.281.0>@boss_web_controller_handle_request:log_status_code:188 GET /greeting/list [cb_tut] 200 4ms
2017-04-07 22:52:46.872 [info] <0.281.0>@boss_web_controller_handle_request:log_status_code:188 GET /greeting/create [cb_tut] 200 3ms
2017-04-07 22:52:49.950 [info] <0.281.0>@boss_web_controller_handle_request:log_status_code:188 POST /greeting/create [cb_tut] 302 4ms
2017-04-07 22:52:49.959 [info] <0.281.0>@boss_web_controller_handle_request:log_status_code:188 GET /greeting/list [cb_tut] 200 4ms
2017-04-07 22:52:51.118 [info] <0.281.0>@boss_web_controller_handle_request:log_status_code:188 GET /greeting/create [cb_tut] 200 5ms
2017-04-07 22:52:56.223 [info] <0.291.0>@boss_web_controller_handle_request:log_status_code:188 POST /greeting/create [cb_tut] 302 5ms
2017-04-07 22:52:56.231 [info] <0.291.0>@boss_web_controller_handle_request:log_status_code:188 GET /greeting/list [cb_tut] 200 3ms
2017-04-07 22:53:01.476 [info] <0.294.0>@boss_web_controller_handle_request:log_status_code:188 POST /greeting/goodbye [cb_tut] 302 4ms
2017-04-07 22:53:01.484 [info] <0.294.0>@boss_web_controller_handle_request:log_status_code:188 GET /greeting/list [cb_tut] 200 5ms
2017-04-07 22:54:07.777 [info] <0.297.0>@boss_web_controller_handle_request:log_status_code:188 GET /greeting/create [cb_tut] 200 4ms
2017-04-07 22:54:09.067 [error] <0.297.0>@boss_web_controller:call_controller_action:308 Error in controller error:{badmatch,{error,["Greeting must be nonempty"]}} Stacktrace: [{cb_tut_greeting_controller,create,3,[{file,"/home/nsrchemie/Documents/cb_tut/src/controller/cb_tut_greeting_controller.erl"},{line,16}]},{boss_web_controller,call_controller_action,3,[{file,"src/boss/boss_web_controller.erl"},{line,305}]},{boss_web_controller,apply_action,4,[{file,"src/boss/boss_web_controller.erl"},{line,297}]},{boss_web_controller,execute_action_inner,9,[{file,"src/boss/boss_web_controller.erl"},{line,276}]},{boss_web_controller_handle_request,process_dynamic_request,5,[{file,"src/boss/boss_web_controller_handle_request.erl"},{line,256}]},{boss_web_controller_handle_request,process_request,5,[{file,"src/boss/boss_web_controller_handle_request.erl"},{line,243}]},{timer,tc,3,[{file,"timer.erl"},{line,197}]},{boss_web_controller_handle_request,build_dynamic_response,4,[{file,"src/boss/boss_web_controller_handle_request.erl"},{line,136}]}]
2017-04-07 22:54:09.068 [error] <0.297.0>@boss_web_controller_handle_request:process_error:303 "Error in controller, see console.log for details\n"
2017-04-07 22:54:09.272 [error] <0.297.0>@boss_web_controller_handle_request:log_status_code:184 POST /greeting/create [cb_tut] 500 222ms
2017-04-07 22:54:27.728 [error] <0.301.0>@boss_web_controller:call_controller_action:308 Error in controller error:{badmatch,{error,["Too long!"]}} Stacktrace: [{cb_tut_greeting_controller,create,3,[{file,"/home/nsrchemie/Documents/cb_tut/src/controller/cb_tut_greeting_controller.erl"},{line,16}]},{boss_web_controller,call_controller_action,3,[{file,"src/boss/boss_web_controller.erl"},{line,305}]},{boss_web_controller,apply_action,4,[{file,"src/boss/boss_web_controller.erl"},{line,297}]},{boss_web_controller,execute_action_inner,9,[{file,"src/boss/boss_web_controller.erl"},{line,276}]},{boss_web_controller_handle_request,process_dynamic_request,5,[{file,"src/boss/boss_web_controller_handle_request.erl"},{line,256}]},{boss_web_controller_handle_request,process_request,5,[{file,"src/boss/boss_web_controller_handle_request.erl"},{line,243}]},{timer,tc,3,[{file,"timer.erl"},{line,197}]},{boss_web_controller_handle_request,build_dynamic_response,4,[{file,"src/boss/boss_web_controller_handle_request.erl"},{line,136}]}]
2017-04-07 22:54:27.730 [error] <0.301.0>@boss_web_controller_handle_request:process_error:303 "Error in controller, see console.log for details\n"
2017-04-07 22:54:27.730 [error] <0.301.0>@boss_web_controller_handle_request:log_status_code:184 POST /greeting/create [cb_tut] 500 5ms
2017-04-07 22:54:37.515 [info] <0.303.0>@boss_web_controller_handle_request:log_status_code:188 GET /greeting/create [cb_tut] 200 4ms
2017-04-07 22:54:43.063 [info] <0.306.0>@boss_web_controller_handle_request:log_status_code:188 GET /greeting/create [cb_tut] 200 5ms
2017-04-07 22:54:45.540 [info] <0.306.0>@boss_web_controller_handle_request:log_status_code:188 POST /greeting/create [cb_tut] 302 7ms
2017-04-07 22:54:45.547 [info] <0.306.0>@boss_web_controller_handle_request:log_status_code:188 GET /greeting/list [cb_tut] 200 3ms
2017-04-07 23:03:34.579 [info] <0.7.0> Application lager started on node 'cb_tut@nsrchemie-GP60-2QF'
2017-04-07 23:03:34.589 [info] <0.7.0> Application crypto started on node 'cb_tut@nsrchemie-GP60-2QF'
2017-04-07 23:03:34.597 [info] <0.7.0> Application mimetypes started on node 'cb_tut@nsrchemie-GP60-2QF'
2017-04-07 23:03:34.619 [info] <0.95.0>@boss_web_controller_init:init_services:132 Starting Boss in development mode...
2017-04-07 23:03:34.625 [info] <0.95.0>@boss_db:start:77 Start Database Adapter boss_db_adapter_mock options [{adapter,mock},{cache_enable,false},{cache_prefix,db},{shards,[]},{is_master_node,true},{db_host,"localhost"},{db_port,1978}]
2017-04-07 23:03:34.654 [info] <0.7.0> Application tinymq started on node 'cb_tut@nsrchemie-GP60-2QF'
2017-04-07 23:03:34.677 [info] <0.7.0> Application ranch started on node 'cb_tut@nsrchemie-GP60-2QF'
2017-04-07 23:03:34.679 [info] <0.7.0> Application cowlib started on node 'cb_tut@nsrchemie-GP60-2QF'
2017-04-07 23:03:34.685 [info] <0.7.0> Application cowboy started on node 'cb_tut@nsrchemie-GP60-2QF'
2017-04-07 23:03:34.738 [notice] <0.95.0>@boss_compiler:compile:47 Compile file "/home/nsrchemie/Documents/cb_tut/src/mail/cb_tut_outgoing_mail_controller.erl" with options [{out_dir,undefined},{include_dirs,["/home/nsrchemie/Documents/cb_tut/include"]},{compiler_options,[{parse_transform,lager_transform},return_errors]}] 
2017-04-07 23:03:34.758 [notice] <0.95.0>@boss_compiler:compile:47 Compile file "/home/nsrchemie/Documents/cb_tut/src/mail/cb_tut_incoming_mail_controller.erl" with options [{out_dir,undefined},{include_dirs,["/home/nsrchemie/Documents/cb_tut/include"]},{compiler_options,[{parse_transform,lager_transform},return_errors]}] 
2017-04-07 23:03:34.767 [info] <0.95.0>@boss_controller_compiler:compile:71 Compile controller /home/nsrchemie/Documents/cb_tut/src/controller/cb_tut_greeting_controller.erl
2017-04-07 23:03:34.768 [notice] <0.95.0>@boss_compiler:compile:47 Compile file "/home/nsrchemie/Documents/cb_tut/src/controller/cb_tut_greeting_controller.erl" with options [debug_info,{pre_revert_transform,#Fun<boss_controller_compiler.add_routes_to_forms.1>},{out_dir,undefined},{include_dirs,["/home/nsrchemie/Documents/cb_tut/include"]},{compiler_options,[{parse_transform,lager_transform},return_errors]}] 
2017-04-07 23:03:34.768 [error] <0.95.0>@boss_load:compile_and_accumulate_errors:270 Compile Error, "src/controller/cb_tut_greeting_controller.erl" -> [{"/home/nsrchemie/Documents/cb_tut/src/controller/cb_tut_greeting_controller.erl",[{18,erl_parse,["syntax error before: ","'.'"]},{19,erl_parse,["syntax error before: ","'{'"]}]}]
2017-04-07 23:03:34.768 [error] <0.95.0>@boss_load:make_all_modules:99 Load Module Error controller_modules : [[{"/home/nsrchemie/Documents/cb_tut/src/controller/cb_tut_greeting_controller.erl",[{18,erl_parse,["syntax error before: ","'.'"]},{19,erl_parse,["syntax error before: ","'{'"]}]}]]
2017-04-07 23:03:34.866 [notice] <0.63.0>@lager_app:132 Deprecated lager_file_backend config detected, please consider updating it
2017-04-07 23:03:34.937 [notice] <0.95.0>@boss_compiler:compile:47 Compile file "/home/nsrchemie/Documents/cb_tut/src/model/greeting.erl" with options [debug_info,{pre_revert_transform,#Fun<boss_record_compiler.trick_out_forms.2>},{token_transform,#Fun<boss_record_compiler.process_tokens.1>},{out_dir,undefined},{include_dirs,["/home/nsrchemie/Documents/cb_tut/include"]},{compiler_options,[{parse_transform,lager_transform},return_errors]}] 
2017-04-07 23:03:34.937 [info] <0.95.0>@boss_record_compiler:process_tokens:120 Tokens [{'-',{1,1}},{atom,{1,2},module},{'(',{1,8}},{atom,{1,9},greeting},{',',{1,17}},{'[',{1,19}},{var,{1,20},'Id'},{',',{1,22}},{var,{1,24},'GreetingText'},{']',{1,36}},{')',{1,37}},{dot,{1,38}},{'-',{2,1}},{atom,{2,2},compile},{'(',{2,9}},{atom,{2,10},export_all},{')',{2,20}},{dot,{2,21}},{atom,{4,1},validation_tests},{'(',{4,17}},{')',{4,18}},{'->',{4,20}},{'[',{5,2}},{'{',{5,3}},{fun,{5,4}},{'(',{5,7}},{')',{5,8}},{'->',{5,10}},{atom,{5,13},length},{'(',{5,19}},{var,{5,20},'GreetingText'},{')',{5,32}},{'>',{5,34}},{integer,{5,36},0},{end,{5,38}},{',',{5,41}},{string,{6,2},"Greeting must be nonempty"},{'}',{6,29}},{',',{6,30}},{'{',{7,3}},{fun,{7,4}},{'(',{7,7}},{')',{7,8}},{'->',{7,10}},{atom,{7,13},length},{'(',{7,19}},{var,{7,20},'GreetingText'},{')',{7,32}},{'=<',{7,34}},{integer,{7,37},140},{end,{7,41}},{',',{7,44}},{string,{8,2},"Too long!"},{'}',{8,13}},{']',{8,14}},{dot,{8,15}},{eof,{9,1}}]
2017-04-07 23:03:34.937 [notice] <0.95.0>@boss_record_compiler:make_generated_forms:225 Module "greeting" Parameters ['Id','GreetingText'] Attributes[{compile,export_all}]
2017-04-07 23:03:34.958 [notice] <0.95.0>@boss_compiler:compile:47 Compile file "/home/nsrchemie/Documents/cb_tut/src/view/lib/tag_modules/cb_tut_custom_tags.erl" with options [{out_dir,undefined},{include_dirs,["/home/nsrchemie/Documents/cb_tut/include"]},{compiler_options,[{parse_transform,lager_transform},return_errors]}] 
2017-04-07 23:03:34.965 [notice] <0.95.0>@boss_compiler:compile:47 Compile file "/home/nsrchemie/Documents/cb_tut/src/view/lib/filter_modules/cb_tut_custom_filters.erl" with options [{out_dir,undefined},{include_dirs,["/home/nsrchemie/Documents/cb_tut/include"]},{compiler_options,[{parse_transform,lager_transform},return_errors]}] 
2017-04-07 23:03:35.057 [notice] <0.95.0>@boss_compiler:compile:47 Compile file "/home/nsrchemie/Documents/cb_tut/priv/init/cb_tut_01_news.erl" with options [{include_dirs,["/home/nsrchemie/Documents/cb_tut/include"]}] 
2017-04-07 23:03:39.729 [info] <0.280.0>@boss_controller_compiler:compile:71 Compile controller /home/nsrchemie/Documents/cb_tut/src/controller/cb_tut_greeting_controller.erl
2017-04-07 23:03:39.729 [notice] <0.280.0>@boss_compiler:compile:47 Compile file "/home/nsrchemie/Documents/cb_tut/src/controller/cb_tut_greeting_controller.erl" with options [debug_info,{pre_revert_transform,#Fun<boss_controller_compiler.add_routes_to_forms.1>},{out_dir,undefined},{include_dirs,["/home/nsrchemie/Documents/cb_tut/include"]},{compiler_options,[{parse_transform,lager_transform},return_errors]}] 
2017-04-07 23:03:39.730 [error] <0.280.0>@boss_load:compile_and_accumulate_errors:270 Compile Error, "src/controller/cb_tut_greeting_controller.erl" -> [{"/home/nsrchemie/Documents/cb_tut/src/controller/cb_tut_greeting_controller.erl",[{18,erl_parse,["syntax error before: ","'.'"]},{19,erl_parse,["syntax error before: ","'{'"]}]}]
2017-04-07 23:03:39.829 [info] <0.280.0>@boss_web_controller_handle_request:log_status_code:188 GET /greeting/list [cb_tut] 200 105ms
2017-04-07 23:04:34.809 [info] <0.7.0> Application lager started on node 'cb_tut@nsrchemie-GP60-2QF'
2017-04-07 23:04:34.817 [info] <0.7.0> Application crypto started on node 'cb_tut@nsrchemie-GP60-2QF'
2017-04-07 23:04:34.824 [info] <0.7.0> Application mimetypes started on node 'cb_tut@nsrchemie-GP60-2QF'
2017-04-07 23:04:34.846 [info] <0.95.0>@boss_web_controller_init:init_services:132 Starting Boss in development mode...
2017-04-07 23:04:34.850 [info] <0.95.0>@boss_db:start:77 Start Database Adapter boss_db_adapter_mock options [{adapter,mock},{cache_enable,false},{cache_prefix,db},{shards,[]},{is_master_node,true},{db_host,"localhost"},{db_port,1978}]
2017-04-07 23:04:34.876 [info] <0.7.0> Application tinymq started on node 'cb_tut@nsrchemie-GP60-2QF'
2017-04-07 23:04:34.896 [info] <0.7.0> Application ranch started on node 'cb_tut@nsrchemie-GP60-2QF'
2017-04-07 23:04:34.898 [info] <0.7.0> Application cowlib started on node 'cb_tut@nsrchemie-GP60-2QF'
2017-04-07 23:04:34.904 [info] <0.7.0> Application cowboy started on node 'cb_tut@nsrchemie-GP60-2QF'
2017-04-07 23:04:34.954 [notice] <0.95.0>@boss_compiler:compile:47 Compile file "/home/nsrchemie/Documents/cb_tut/src/mail/cb_tut_outgoing_mail_controller.erl" with options [{out_dir,undefined},{include_dirs,["/home/nsrchemie/Documents/cb_tut/include"]},{compiler_options,[{parse_transform,lager_transform},return_errors]}] 
2017-04-07 23:04:34.973 [notice] <0.95.0>@boss_compiler:compile:47 Compile file "/home/nsrchemie/Documents/cb_tut/src/mail/cb_tut_incoming_mail_controller.erl" with options [{out_dir,undefined},{include_dirs,["/home/nsrchemie/Documents/cb_tut/include"]},{compiler_options,[{parse_transform,lager_transform},return_errors]}] 
2017-04-07 23:04:34.981 [info] <0.95.0>@boss_controller_compiler:compile:71 Compile controller /home/nsrchemie/Documents/cb_tut/src/controller/cb_tut_greeting_controller.erl
2017-04-07 23:04:34.981 [notice] <0.95.0>@boss_compiler:compile:47 Compile file "/home/nsrchemie/Documents/cb_tut/src/controller/cb_tut_greeting_controller.erl" with options [debug_info,{pre_revert_transform,#Fun<boss_controller_compiler.add_routes_to_forms.1>},{out_dir,undefined},{include_dirs,["/home/nsrchemie/Documents/cb_tut/include"]},{compiler_options,[{parse_transform,lager_transform},return_errors]}] 
2017-04-07 23:04:34.981 [error] <0.95.0>@boss_load:compile_and_accumulate_errors:270 Compile Error, "src/controller/cb_tut_greeting_controller.erl" -> [{"/home/nsrchemie/Documents/cb_tut/src/controller/cb_tut_greeting_controller.erl",[{19,erl_parse,["syntax error before: ","'{'"]}]}]
2017-04-07 23:04:34.981 [error] <0.95.0>@boss_load:make_all_modules:99 Load Module Error controller_modules : [[{"/home/nsrchemie/Documents/cb_tut/src/controller/cb_tut_greeting_controller.erl",[{19,erl_parse,["syntax error before: ","'{'"]}]}]]
2017-04-07 23:04:35.134 [notice] <0.63.0>@lager_app:132 Deprecated lager_file_backend config detected, please consider updating it
2017-04-07 23:04:35.209 [notice] <0.95.0>@boss_compiler:compile:47 Compile file "/home/nsrchemie/Documents/cb_tut/src/model/greeting.erl" with options [debug_info,{pre_revert_transform,#Fun<boss_record_compiler.trick_out_forms.2>},{token_transform,#Fun<boss_record_compiler.process_tokens.1>},{out_dir,undefined},{include_dirs,["/home/nsrchemie/Documents/cb_tut/include"]},{compiler_options,[{parse_transform,lager_transform},return_errors]}] 
2017-04-07 23:04:35.210 [info] <0.95.0>@boss_record_compiler:process_tokens:120 Tokens [{'-',{1,1}},{atom,{1,2},module},{'(',{1,8}},{atom,{1,9},greeting},{',',{1,17}},{'[',{1,19}},{var,{1,20},'Id'},{',',{1,22}},{var,{1,24},'GreetingText'},{']',{1,36}},{')',{1,37}},{dot,{1,38}},{'-',{2,1}},{atom,{2,2},compile},{'(',{2,9}},{atom,{2,10},export_all},{')',{2,20}},{dot,{2,21}},{atom,{4,1},validation_tests},{'(',{4,17}},{')',{4,18}},{'->',{4,20}},{'[',{5,2}},{'{',{5,3}},{fun,{5,4}},{'(',{5,7}},{')',{5,8}},{'->',{5,10}},{atom,{5,13},length},{'(',{5,19}},{var,{5,20},'GreetingText'},{')',{5,32}},{'>',{5,34}},{integer,{5,36},0},{end,{5,38}},{',',{5,41}},{string,{6,2},"Greeting must be nonempty"},{'}',{6,29}},{',',{6,30}},{'{',{7,3}},{fun,{7,4}},{'(',{7,7}},{')',{7,8}},{'->',{7,10}},{atom,{7,13},length},{'(',{7,19}},{var,{7,20},'GreetingText'},{')',{7,32}},{'=<',{7,34}},{integer,{7,37},140},{end,{7,41}},{',',{7,44}},{string,{8,2},"Too long!"},{'}',{8,13}},{']',{8,14}},{dot,{8,15}},{eof,{9,1}}]
2017-04-07 23:04:35.210 [notice] <0.95.0>@boss_record_compiler:make_generated_forms:225 Module "greeting" Parameters ['Id','GreetingText'] Attributes[{compile,export_all}]
2017-04-07 23:04:35.232 [notice] <0.95.0>@boss_compiler:compile:47 Compile file "/home/nsrchemie/Documents/cb_tut/src/view/lib/tag_modules/cb_tut_custom_tags.erl" with options [{out_dir,undefined},{include_dirs,["/home/nsrchemie/Documents/cb_tut/include"]},{compiler_options,[{parse_transform,lager_transform},return_errors]}] 
2017-04-07 23:04:35.238 [notice] <0.95.0>@boss_compiler:compile:47 Compile file "/home/nsrchemie/Documents/cb_tut/src/view/lib/filter_modules/cb_tut_custom_filters.erl" with options [{out_dir,undefined},{include_dirs,["/home/nsrchemie/Documents/cb_tut/include"]},{compiler_options,[{parse_transform,lager_transform},return_errors]}] 
2017-04-07 23:04:35.320 [notice] <0.95.0>@boss_compiler:compile:47 Compile file "/home/nsrchemie/Documents/cb_tut/priv/init/cb_tut_01_news.erl" with options [{include_dirs,["/home/nsrchemie/Documents/cb_tut/include"]}] 
2017-04-07 23:04:37.307 [info] <0.280.0>@boss_controller_compiler:compile:71 Compile controller /home/nsrchemie/Documents/cb_tut/src/controller/cb_tut_greeting_controller.erl
2017-04-07 23:04:37.307 [notice] <0.280.0>@boss_compiler:compile:47 Compile file "/home/nsrchemie/Documents/cb_tut/src/controller/cb_tut_greeting_controller.erl" with options [debug_info,{pre_revert_transform,#Fun<boss_controller_compiler.add_routes_to_forms.1>},{out_dir,undefined},{include_dirs,["/home/nsrchemie/Documents/cb_tut/include"]},{compiler_options,[{parse_transform,lager_transform},return_errors]}] 
2017-04-07 23:04:37.308 [error] <0.280.0>@boss_load:compile_and_accumulate_errors:270 Compile Error, "src/controller/cb_tut_greeting_controller.erl" -> [{"/home/nsrchemie/Documents/cb_tut/src/controller/cb_tut_greeting_controller.erl",[{19,erl_parse,["syntax error before: ","'{'"]}]}]
2017-04-07 23:04:37.412 [info] <0.280.0>@boss_web_controller_handle_request:log_status_code:188 GET /greeting/list [cb_tut] 200 111ms
2017-04-07 23:04:38.720 [info] <0.280.0>@boss_controller_compiler:compile:71 Compile controller /home/nsrchemie/Documents/cb_tut/src/controller/cb_tut_greeting_controller.erl
2017-04-07 23:04:38.720 [notice] <0.280.0>@boss_compiler:compile:47 Compile file "/home/nsrchemie/Documents/cb_tut/src/controller/cb_tut_greeting_controller.erl" with options [debug_info,{pre_revert_transform,#Fun<boss_controller_compiler.add_routes_to_forms.1>},{out_dir,undefined},{include_dirs,["/home/nsrchemie/Documents/cb_tut/include"]},{compiler_options,[{parse_transform,lager_transform},return_errors]}] 
2017-04-07 23:04:38.721 [error] <0.280.0>@boss_load:compile_and_accumulate_errors:270 Compile Error, "src/controller/cb_tut_greeting_controller.erl" -> [{"/home/nsrchemie/Documents/cb_tut/src/controller/cb_tut_greeting_controller.erl",[{19,erl_parse,["syntax error before: ","'{'"]}]}]
2017-04-07 23:04:38.721 [info] <0.280.0>@boss_web_controller_handle_request:log_status_code:188 GET /greeting/list [cb_tut] 200 15ms
2017-04-07 23:06:12.304 [info] <0.7.0> Application lager started on node 'cb_tut@nsrchemie-GP60-2QF'
2017-04-07 23:06:12.311 [info] <0.7.0> Application crypto started on node 'cb_tut@nsrchemie-GP60-2QF'
2017-04-07 23:06:12.319 [info] <0.7.0> Application mimetypes started on node 'cb_tut@nsrchemie-GP60-2QF'
2017-04-07 23:06:12.341 [info] <0.95.0>@boss_web_controller_init:init_services:132 Starting Boss in development mode...
2017-04-07 23:06:12.346 [info] <0.95.0>@boss_db:start:77 Start Database Adapter boss_db_adapter_mock options [{adapter,mock},{cache_enable,false},{cache_prefix,db},{shards,[]},{is_master_node,true},{db_host,"localhost"},{db_port,1978}]
2017-04-07 23:06:12.372 [info] <0.7.0> Application tinymq started on node 'cb_tut@nsrchemie-GP60-2QF'
2017-04-07 23:06:12.394 [info] <0.7.0> Application ranch started on node 'cb_tut@nsrchemie-GP60-2QF'
2017-04-07 23:06:12.396 [info] <0.7.0> Application cowlib started on node 'cb_tut@nsrchemie-GP60-2QF'
2017-04-07 23:06:12.403 [info] <0.7.0> Application cowboy started on node 'cb_tut@nsrchemie-GP60-2QF'
2017-04-07 23:06:12.470 [notice] <0.95.0>@boss_compiler:compile:47 Compile file "/home/nsrchemie/Documents/cb_tut/src/mail/cb_tut_outgoing_mail_controller.erl" with options [{out_dir,undefined},{include_dirs,["/home/nsrchemie/Documents/cb_tut/include"]},{compiler_options,[{parse_transform,lager_transform},return_errors]}] 
2017-04-07 23:06:12.491 [notice] <0.95.0>@boss_compiler:compile:47 Compile file "/home/nsrchemie/Documents/cb_tut/src/mail/cb_tut_incoming_mail_controller.erl" with options [{out_dir,undefined},{include_dirs,["/home/nsrchemie/Documents/cb_tut/include"]},{compiler_options,[{parse_transform,lager_transform},return_errors]}] 
2017-04-07 23:06:12.501 [info] <0.95.0>@boss_controller_compiler:compile:71 Compile controller /home/nsrchemie/Documents/cb_tut/src/controller/cb_tut_greeting_controller.erl
2017-04-07 23:06:12.502 [notice] <0.95.0>@boss_compiler:compile:47 Compile file "/home/nsrchemie/Documents/cb_tut/src/controller/cb_tut_greeting_controller.erl" with options [debug_info,{pre_revert_transform,#Fun<boss_controller_compiler.add_routes_to_forms.1>},{out_dir,undefined},{include_dirs,["/home/nsrchemie/Documents/cb_tut/include"]},{compiler_options,[{parse_transform,lager_transform},return_errors]}] 
2017-04-07 23:06:12.515 [notice] <0.95.0>@boss_compiler:compile:47 Compile file "/home/nsrchemie/Documents/cb_tut/src/model/greeting.erl" with options [debug_info,{pre_revert_transform,#Fun<boss_record_compiler.trick_out_forms.2>},{token_transform,#Fun<boss_record_compiler.process_tokens.1>},{out_dir,undefined},{include_dirs,["/home/nsrchemie/Documents/cb_tut/include"]},{compiler_options,[{parse_transform,lager_transform},return_errors]}] 
2017-04-07 23:06:12.515 [info] <0.95.0>@boss_record_compiler:process_tokens:120 Tokens [{'-',{1,1}},{atom,{1,2},module},{'(',{1,8}},{atom,{1,9},greeting},{',',{1,17}},{'[',{1,19}},{var,{1,20},'Id'},{',',{1,22}},{var,{1,24},'GreetingText'},{']',{1,36}},{')',{1,37}},{dot,{1,38}},{'-',{2,1}},{atom,{2,2},compile},{'(',{2,9}},{atom,{2,10},export_all},{')',{2,20}},{dot,{2,21}},{atom,{4,1},validation_tests},{'(',{4,17}},{')',{4,18}},{'->',{4,20}},{'[',{5,2}},{'{',{5,3}},{fun,{5,4}},{'(',{5,7}},{')',{5,8}},{'->',{5,10}},{atom,{5,13},length},{'(',{5,19}},{var,{5,20},'GreetingText'},{')',{5,32}},{'>',{5,34}},{integer,{5,36},0},{end,{5,38}},{',',{5,41}},{string,{6,2},"Greeting must be nonempty"},{'}',{6,29}},{',',{6,30}},{'{',{7,3}},{fun,{7,4}},{'(',{7,7}},{')',{7,8}},{'->',{7,10}},{atom,{7,13},length},{'(',{7,19}},{var,{7,20},'GreetingText'},{')',{7,32}},{'=<',{7,34}},{integer,{7,37},140},{end,{7,41}},{',',{7,44}},{string,{8,2},"Too long!"},{'}',{8,13}},{']',{8,14}},{dot,{8,15}},{eof,{9,1}}]
2017-04-07 23:06:12.515 [notice] <0.95.0>@boss_record_compiler:make_generated_forms:225 Module "greeting" Parameters ['Id','GreetingText'] Attributes[{compile,export_all}]
2017-04-07 23:06:12.535 [notice] <0.95.0>@boss_compiler:compile:47 Compile file "/home/nsrchemie/Documents/cb_tut/src/view/lib/tag_modules/cb_tut_custom_tags.erl" with options [{out_dir,undefined},{include_dirs,["/home/nsrchemie/Documents/cb_tut/include"]},{compiler_options,[{parse_transform,lager_transform},return_errors]}] 
2017-04-07 23:06:12.543 [notice] <0.95.0>@boss_compiler:compile:47 Compile file "/home/nsrchemie/Documents/cb_tut/src/view/lib/filter_modules/cb_tut_custom_filters.erl" with options [{out_dir,undefined},{include_dirs,["/home/nsrchemie/Documents/cb_tut/include"]},{compiler_options,[{parse_transform,lager_transform},return_errors]}] 
2017-04-07 23:06:12.630 [notice] <0.63.0>@lager_app:132 Deprecated lager_file_backend config detected, please consider updating it
2017-04-07 23:06:12.635 [notice] <0.95.0>@boss_compiler:compile:47 Compile file "/home/nsrchemie/Documents/cb_tut/priv/init/cb_tut_01_news.erl" with options [{include_dirs,["/home/nsrchemie/Documents/cb_tut/include"]}] 
2017-04-07 23:06:17.326 [info] <0.281.0>@boss_web_controller_handle_request:log_status_code:188 GET /greeting/list [cb_tut] 200 20ms
2017-04-07 23:06:18.825 [info] <0.281.0>@boss_web_controller_handle_request:log_status_code:188 GET /greeting/create [cb_tut] 200 5ms
2017-04-07 23:06:22.261 [info] <0.281.0>@boss_web_controller_handle_request:log_status_code:188 POST /greeting/create [cb_tut] 302 11ms
2017-04-07 23:06:22.269 [info] <0.281.0>@boss_web_controller_handle_request:log_status_code:188 GET /greeting/list [cb_tut] 200 3ms
2017-04-07 23:06:23.358 [info] <0.281.0>@boss_web_controller_handle_request:log_status_code:188 GET /greeting/create [cb_tut] 200 5ms
2017-04-07 23:06:24.605 [info] <0.281.0>@boss_web_controller_handle_request:log_status_code:188 POST /greeting/create [cb_tut] 200 7ms
2017-04-07 23:06:48.271 [info] <0.289.0>@boss_web_controller_handle_request:log_status_code:188 POST /greeting/create [cb_tut] 200 6ms
2017-04-07 23:06:49.619 [info] <0.289.0>@boss_web_controller_handle_request:log_status_code:188 POST /greeting/create [cb_tut] 200 10ms
